To honour the JVM settings for this build a single-use Daemon process will be forked. For more on this, please refer to https://docs.gradle.org/9.0.0/userguide/gradle_daemon.html#sec:disabling_the_daemon in the Gradle documentation.
Daemon will be stopped at the end of the build 
> Task :gradle-plugin:settings-plugin:checkKotlinGradlePluginConfigurationErrors SKIPPED
> Task :gradle-plugin:shared:checkKotlinGradlePluginConfigurationErrors SKIPPED
> Task :gradle-plugin:shared:compileKotlin UP-TO-DATE
> Task :gradle-plugin:shared:compileJava NO-SOURCE
> Task :gradle-plugin:shared:processResources NO-SOURCE
> Task :gradle-plugin:shared:classes UP-TO-DATE
> Task :gradle-plugin:shared:jar UP-TO-DATE
> Task :gradle-plugin:settings-plugin:compileKotlin UP-TO-DATE
> Task :gradle-plugin:settings-plugin:compileJava NO-SOURCE
> Task :gradle-plugin:settings-plugin:pluginDescriptors UP-TO-DATE
> Task :gradle-plugin:settings-plugin:processResources UP-TO-DATE
> Task :gradle-plugin:settings-plugin:classes UP-TO-DATE
> Task :gradle-plugin:settings-plugin:jar UP-TO-DATE
> Task :gradle-plugin:react-native-gradle-plugin:checkKotlinGradlePluginConfigurationErrors SKIPPED
> Task :gradle-plugin:react-native-gradle-plugin:compileKotlin UP-TO-DATE
> Task :gradle-plugin:react-native-gradle-plugin:compileJava NO-SOURCE
> Task :gradle-plugin:react-native-gradle-plugin:pluginDescriptors UP-TO-DATE
> Task :gradle-plugin:react-native-gradle-plugin:processResources UP-TO-DATE
> Task :gradle-plugin:react-native-gradle-plugin:classes UP-TO-DATE
> Task :gradle-plugin:react-native-gradle-plugin:jar UP-TO-DATE

> Configure project :app
[react-native-background-geolocation] Purging debug resources in release build

> Configure project :react-native-firebase_app
:react-native-firebase_app package.json found at /home/ubuntu/TaxiDriverApp/node_modules/@react-native-firebase/app/package.json
:react-native-firebase_app:firebase.bom using default value: 34.4.0
:react-native-firebase_app:play.play-services-auth using default value: 21.4.0
:react-native-firebase_app package.json found at /home/ubuntu/TaxiDriverApp/node_modules/@react-native-firebase/app/package.json
:react-native-firebase_app:version set from package.json: 23.4.1 (23,4,1 - 23004001)
:react-native-firebase_app:android.compileSdk using custom value: 36
:react-native-firebase_app:android.targetSdk using custom value: 33
:react-native-firebase_app:android.minSdk using custom value: 24
:react-native-firebase_app:reactNativeAndroidDir /home/ubuntu/TaxiDriverApp/node_modules/react-native

> Configure project :react-native-firebase_auth
:react-native-firebase_auth package.json found at /home/ubuntu/TaxiDriverApp/node_modules/@react-native-firebase/auth/package.json
:react-native-firebase_app package.json found at /home/ubuntu/TaxiDriverApp/node_modules/@react-native-firebase/app/package.json
:react-native-firebase_auth:firebase.bom using default value: 34.4.0
:react-native-firebase_auth package.json found at /home/ubuntu/TaxiDriverApp/node_modules/@react-native-firebase/auth/package.json
:react-native-firebase_auth:version set from package.json: 23.4.1 (23,4,1 - 23004001)
:react-native-firebase_auth:android.compileSdk using custom value: 36
:react-native-firebase_auth:android.targetSdk using custom value: 33
:react-native-firebase_auth:android.minSdk using custom value: 24
:react-native-firebase_auth:reactNativeAndroidDir /home/ubuntu/TaxiDriverApp/node_modules/react-native

> Configure project :react-native-firebase_firestore
:react-native-firebase_firestore package.json found at /home/ubuntu/TaxiDriverApp/node_modules/@react-native-firebase/firestore/package.json
:react-native-firebase_app package.json found at /home/ubuntu/TaxiDriverApp/node_modules/@react-native-firebase/app/package.json
:react-native-firebase_firestore:firebase.bom using default value: 34.4.0
:react-native-firebase_firestore package.json found at /home/ubuntu/TaxiDriverApp/node_modules/@react-native-firebase/firestore/package.json
:react-native-firebase_firestore:version set from package.json: 23.4.1 (23,4,1 - 23004001)
:react-native-firebase_firestore:android.compileSdk using custom value: 36
:react-native-firebase_firestore:android.targetSdk using custom value: 33
:react-native-firebase_firestore:android.minSdk using custom value: 24
:react-native-firebase_firestore:reactNativeAndroidDir /home/ubuntu/TaxiDriverApp/node_modules/react-native
WARNING: The specified Android SDK Build Tools version (34.0.0) is ignored, as it is below the minimum supported version (35.0.0) for Android Gradle Plugin 8.12.0.
Android SDK Build Tools 35.0.0 will be used.
To suppress this warning, remove "buildToolsVersion '34.0.0'" from your build.gradle file, as each version of the Android Gradle Plugin now has a default version of the build tools.

> Task :app:externalNativeBuildCleanDebug
> Task :app:externalNativeBuildCleanDebugOptimized
> Task :app:externalNativeBuildCleanRelease
> Task :app:clean UP-TO-DATE
> Task :react-native-async-storage_async-storage:clean UP-TO-DATE
> Task :react-native-background-fetch:clean
> Task :react-native-background-geolocation:clean UP-TO-DATE
> Task :react-native-firebase_app:clean UP-TO-DATE
> Task :react-native-firebase_auth:clean UP-TO-DATE
> Task :react-native-firebase_firestore:clean UP-TO-DATE
> Task :react-native-geolocation-service:clean UP-TO-DATE
> Task :react-native-safe-area-context:clean UP-TO-DATE
> Task :react-native-screens:externalNativeBuildCleanDebug
> Task :react-native-screens:externalNativeBuildCleanRelease
> Task :react-native-screens:clean UP-TO-DATE
> Task :react-native-webview:clean UP-TO-DATE
> Task :app:generateAutolinkingNewArchitectureFiles
> Task :app:generateAutolinkingPackageList
> Task :app:generateCodegenSchemaFromJavaScript SKIPPED
> Task :app:generateCodegenArtifactsFromSchema SKIPPED
> Task :app:generateReactNativeEntryPoint
> Task :react-native-async-storage_async-storage:generateCodegenSchemaFromJavaScript
> Task :react-native-async-storage_async-storage:generateCodegenArtifactsFromSchema
> Task :react-native-async-storage_async-storage:preBuild
> Task :react-native-background-fetch:preBuild UP-TO-DATE
> Task :react-native-background-geolocation:preBuild UP-TO-DATE
> Task :react-native-firebase_app:preBuild UP-TO-DATE
> Task :react-native-firebase_auth:preBuild UP-TO-DATE
> Task :react-native-firebase_firestore:preBuild UP-TO-DATE
> Task :react-native-geolocation-service:preBuild UP-TO-DATE
> Task :react-native-safe-area-context:generateCodegenSchemaFromJavaScript
> Task :react-native-safe-area-context:generateCodegenArtifactsFromSchema
> Task :react-native-safe-area-context:preBuild
> Task :react-native-screens:generateCodegenSchemaFromJavaScript
> Task :react-native-screens:generateCodegenArtifactsFromSchema
> Task :react-native-screens:preBuild
> Task :react-native-webview:generateCodegenSchemaFromJavaScript
> Task :react-native-webview:generateCodegenArtifactsFromSchema
> Task :react-native-webview:preBuild
> Task :app:preBuild
> Task :app:preDebugBuild
> Task :app:mergeDebugNativeDebugMetadata NO-SOURCE
> Task :app:checkKotlinGradlePluginConfigurationErrors SKIPPED
> Task :app:generateDebugBuildConfig
> Task :react-native-async-storage_async-storage:preDebugBuild
> Task :react-native-background-fetch:preDebugBuild UP-TO-DATE
> Task :react-native-background-geolocation:preDebugBuild UP-TO-DATE
> Task :react-native-firebase_app:preDebugBuild UP-TO-DATE
> Task :react-native-firebase_auth:preDebugBuild UP-TO-DATE
> Task :react-native-background-geolocation:writeDebugAarMetadata
> Task :react-native-async-storage_async-storage:writeDebugAarMetadata
> Task :react-native-background-fetch:writeDebugAarMetadata
> Task :react-native-firebase_app:writeDebugAarMetadata
> Task :react-native-firebase_auth:writeDebugAarMetadata
> Task :react-native-firebase_firestore:preDebugBuild UP-TO-DATE
> Task :react-native-geolocation-service:preDebugBuild UP-TO-DATE
> Task :react-native-firebase_firestore:writeDebugAarMetadata
> Task :react-native-safe-area-context:preDebugBuild
> Task :react-native-geolocation-service:writeDebugAarMetadata
> Task :react-native-screens:preDebugBuild
> Task :react-native-safe-area-context:writeDebugAarMetadata
> Task :react-native-webview:preDebugBuild
> Task :react-native-screens:writeDebugAarMetadata
> Task :react-native-webview:writeDebugAarMetadata
> Task :app:generateDebugResValues
> Task :app:processDebugGoogleServices
> Task :react-native-async-storage_async-storage:generateDebugResValues
> Task :react-native-async-storage_async-storage:generateDebugResources
> Task :app:checkDebugAarMetadata
> Task :react-native-async-storage_async-storage:packageDebugResources
> Task :react-native-background-fetch:generateDebugResValues
> Task :react-native-background-fetch:generateDebugResources
> Task :react-native-background-fetch:packageDebugResources
> Task :react-native-background-geolocation:generateDebugResValues
> Task :react-native-background-geolocation:generateDebugResources
> Task :react-native-background-geolocation:packageDebugResources
> Task :react-native-firebase_app:generateDebugResValues
> Task :react-native-firebase_app:generateDebugResources
> Task :react-native-firebase_app:packageDebugResources
> Task :react-native-firebase_auth:generateDebugResValues
> Task :react-native-firebase_auth:generateDebugResources
> Task :react-native-firebase_auth:packageDebugResources
> Task :react-native-firebase_firestore:generateDebugResValues
> Task :react-native-firebase_firestore:generateDebugResources
> Task :react-native-firebase_firestore:packageDebugResources
> Task :react-native-geolocation-service:generateDebugResValues
> Task :react-native-geolocation-service:generateDebugResources
> Task :react-native-geolocation-service:packageDebugResources
> Task :react-native-safe-area-context:generateDebugResValues
> Task :react-native-safe-area-context:generateDebugResources
> Task :react-native-safe-area-context:packageDebugResources
> Task :react-native-screens:generateDebugResValues
> Task :react-native-screens:generateDebugResources
> Task :react-native-screens:packageDebugResources
> Task :react-native-webview:generateDebugResValues
> Task :react-native-webview:generateDebugResources
> Task :react-native-webview:packageDebugResources
> Task :app:mapDebugSourceSetPaths
> Task :app:generateDebugResources
> Task :app:packageDebugResources
> Task :app:mergeDebugResources
> Task :app:createDebugCompatibleScreenManifests
> Task :app:extractDeepLinksDebug
> Task :react-native-async-storage_async-storage:extractDeepLinksDebug
> Task :react-native-background-fetch:extractDeepLinksDebug
> Task :react-native-background-geolocation:extractDeepLinksDebug
> Task :react-native-firebase_app:extractDeepLinksDebug
> Task :react-native-firebase_auth:extractDeepLinksDebug
> Task :app:parseDebugLocalResources
> Task :react-native-firebase_firestore:extractDeepLinksDebug

> Task :react-native-background-geolocation:processDebugManifest
package="com.transistorsoft.rnbackgroundgeolocation" found in source AndroidManifest.xml: /home/ubuntu/TaxiDriverApp/node_modules/react-native-background-geolocation/android/src/main/AndroidManifest.xml.
Setting the namespace via the package attribute in the source AndroidManifest.xml is no longer supported, and the value is ignored.
Recommendation: remove package="com.transistorsoft.rnbackgroundgeolocation" from the source AndroidManifest.xml: /home/ubuntu/TaxiDriverApp/node_modules/react-native-background-geolocation/android/src/main/AndroidManifest.xml.

> Task :react-native-background-fetch:processDebugManifest
package="com.transistorsoft.rnbackgroundfetch" found in source AndroidManifest.xml: /home/ubuntu/TaxiDriverApp/node_modules/react-native-background-fetch/android/src/main/AndroidManifest.xml.
Setting the namespace via the package attribute in the source AndroidManifest.xml is no longer supported, and the value is ignored.
Recommendation: remove package="com.transistorsoft.rnbackgroundfetch" from the source AndroidManifest.xml: /home/ubuntu/TaxiDriverApp/node_modules/react-native-background-fetch/android/src/main/AndroidManifest.xml.

> Task :react-native-async-storage_async-storage:processDebugManifest
package="com.reactnativecommunity.asyncstorage" found in source AndroidManifest.xml: /home/ubuntu/TaxiDriverApp/node_modules/@react-native-async-storage/async-storage/android/src/main/AndroidManifest.xml.
Setting the namespace via the package attribute in the source AndroidManifest.xml is no longer supported, and the value is ignored.
Recommendation: remove package="com.reactnativecommunity.asyncstorage" from the source AndroidManifest.xml: /home/ubuntu/TaxiDriverApp/node_modules/@react-native-async-storage/async-storage/android/src/main/AndroidManifest.xml.

> Task :react-native-firebase_app:processDebugManifest
package="io.invertase.firebase" found in source AndroidManifest.xml: /home/ubuntu/TaxiDriverApp/node_modules/@react-native-firebase/app/android/src/main/AndroidManifest.xml.
Setting the namespace via the package attribute in the source AndroidManifest.xml is no longer supported, and the value is ignored.
Recommendation: remove package="io.invertase.firebase" from the source AndroidManifest.xml: /home/ubuntu/TaxiDriverApp/node_modules/@react-native-firebase/app/android/src/main/AndroidManifest.xml.

> Task :react-native-firebase_firestore:processDebugManifest
package="io.invertase.firebase.firestore" found in source AndroidManifest.xml: /home/ubuntu/TaxiDriverApp/node_modules/@react-native-firebase/firestore/android/src/main/AndroidManifest.xml.
Setting the namespace via the package attribute in the source AndroidManifest.xml is no longer supported, and the value is ignored.
Recommendation: remove package="io.invertase.firebase.firestore" from the source AndroidManifest.xml: /home/ubuntu/TaxiDriverApp/node_modules/@react-native-firebase/firestore/android/src/main/AndroidManifest.xml.

> Task :react-native-firebase_auth:processDebugManifest
package="io.invertase.firebase.auth" found in source AndroidManifest.xml: /home/ubuntu/TaxiDriverApp/node_modules/@react-native-firebase/auth/android/src/main/AndroidManifest.xml.
Setting the namespace via the package attribute in the source AndroidManifest.xml is no longer supported, and the value is ignored.
Recommendation: remove package="io.invertase.firebase.auth" from the source AndroidManifest.xml: /home/ubuntu/TaxiDriverApp/node_modules/@react-native-firebase/auth/android/src/main/AndroidManifest.xml.

> Task :react-native-geolocation-service:extractDeepLinksDebug
> Task :react-native-safe-area-context:extractDeepLinksDebug

> Task :react-native-geolocation-service:processDebugManifest
package="com.agontuk.RNFusedLocation" found in source AndroidManifest.xml: /home/ubuntu/TaxiDriverApp/node_modules/react-native-geolocation-service/android/src/main/AndroidManifest.xml.
Setting the namespace via the package attribute in the source AndroidManifest.xml is no longer supported, and the value is ignored.
Recommendation: remove package="com.agontuk.RNFusedLocation" from the source AndroidManifest.xml: /home/ubuntu/TaxiDriverApp/node_modules/react-native-geolocation-service/android/src/main/AndroidManifest.xml.

> Task :react-native-screens:extractDeepLinksDebug

> Task :react-native-safe-area-context:processDebugManifest
package="com.th3rdwave.safeareacontext" found in source AndroidManifest.xml: /home/ubuntu/TaxiDriverApp/node_modules/react-native-safe-area-context/android/src/main/AndroidManifest.xml.
Setting the namespace via the package attribute in the source AndroidManifest.xml is no longer supported, and the value is ignored.
Recommendation: remove package="com.th3rdwave.safeareacontext" from the source AndroidManifest.xml: /home/ubuntu/TaxiDriverApp/node_modules/react-native-safe-area-context/android/src/main/AndroidManifest.xml.

> Task :react-native-webview:extractDeepLinksDebug
> Task :react-native-screens:processDebugManifest
> Task :react-native-webview:processDebugManifest
> Task :react-native-async-storage_async-storage:compileDebugLibraryResources
> Task :app:processDebugMainManifest
> Task :app:processDebugManifest
> Task :react-native-background-fetch:compileDebugLibraryResources
> Task :react-native-async-storage_async-storage:parseDebugLocalResources
> Task :react-native-background-geolocation:compileDebugLibraryResources
> Task :react-native-background-fetch:parseDebugLocalResources
> Task :react-native-firebase_app:compileDebugLibraryResources
> Task :app:processDebugManifestForPackage
> Task :react-native-firebase_auth:compileDebugLibraryResources
> Task :react-native-firebase_firestore:compileDebugLibraryResources
> Task :react-native-background-geolocation:parseDebugLocalResources
> Task :react-native-firebase_app:parseDebugLocalResources
> Task :react-native-firebase_auth:parseDebugLocalResources
> Task :react-native-firebase_firestore:parseDebugLocalResources
> Task :react-native-background-fetch:generateDebugRFile
> Task :react-native-async-storage_async-storage:generateDebugRFile
> Task :react-native-background-geolocation:generateDebugRFile
> Task :react-native-firebase_auth:generateDebugRFile
> Task :react-native-firebase_app:generateDebugRFile
> Task :react-native-firebase_firestore:generateDebugRFile
> Task :react-native-geolocation-service:compileDebugLibraryResources
> Task :react-native-geolocation-service:parseDebugLocalResources
> Task :react-native-safe-area-context:compileDebugLibraryResources
> Task :react-native-geolocation-service:generateDebugRFile
> Task :react-native-safe-area-context:parseDebugLocalResources
> Task :react-native-screens:parseDebugLocalResources
> Task :react-native-safe-area-context:generateDebugRFile
> Task :react-native-screens:compileDebugLibraryResources
> Task :react-native-webview:compileDebugLibraryResources
> Task :react-native-screens:generateDebugRFile
> Task :react-native-async-storage_async-storage:generateDebugBuildConfig
> Task :react-native-webview:parseDebugLocalResources
> Task :react-native-background-fetch:generateDebugBuildConfig
> Task :react-native-async-storage_async-storage:javaPreCompileDebug
> Task :react-native-webview:generateDebugRFile
> Task :react-native-background-fetch:javaPreCompileDebug
> Task :app:processDebugResources FAILED

> Task :react-native-async-storage_async-storage:compileDebugJavaWithJavac
/home/ubuntu/TaxiDriverApp/node_modules/@react-native-async-storage/async-storage/android/src/main/java/com/reactnativecommunity/asyncstorage/AsyncStorageModule.java:84: warning: [removal] onCatalystInstanceDestroy() in NativeModule has been deprecated and marked for removal
  public void onCatalystInstanceDestroy() {
              ^
Note: Some input files use or override a deprecated API.
Note: Recompile with -Xlint:deprecation for details.
Note: /home/ubuntu/TaxiDriverApp/node_modules/@react-native-async-storage/async-storage/android/src/javaPackage/java/com/reactnativecommunity/asyncstorage/AsyncStoragePackage.java uses unchecked or unsafe operations.
Note: Recompile with -Xlint:unchecked for details.
1 warning

[Incubating] Problems report is available at: file:///home/ubuntu/TaxiDriverApp/android/build/reports/problems/problems-report.html

FAILURE: Build failed with an exception.

* What went wrong:
Execution failed for task ':app:processDebugResources'.
> A failure occurred while executing com.android.build.gradle.internal.res.LinkApplicationAndroidResourcesTask$TaskAction
   > Android resource linking failed
     ERROR: /home/ubuntu/TaxiDriverApp/android/app/src/main/AndroidManifest.xml:82:9-85:40: AAPT: error: 'location|@integer/foregroundServiceTypeShortService' is incompatible with attribute foregroundServiceType (attr) flags [camera=64, connectedDevice=16, dataSync=1, health=256, location=8, mediaPlayback=2, mediaProcessing=8192, mediaProjection=32, microphone=128, phoneCall=4, remoteMessaging=512, shortService=2048, specialUse=1073741824, systemExempted=1024].
         

* Try:
> Run with --stacktrace option to get the stack trace.
> Run with --info or --debug option to get more log output.
> Run with --scan to generate a Build Scan (Powered by Develocity).
> Get more help at https://help.gradle.org.

Deprecated Gradle features were used in this build, making it incompatible with Gradle 10.

You can use '--warning-mode all' to show the individual deprecation warnings and determine if they come from your own scripts or plugins.

For more on this, please refer to https://docs.gradle.org/9.0.0/userguide/command_line_interface.html#sec:command_line_warnings in the Gradle documentation.

BUILD FAILED in 59s
147 actionable tasks: 127 executed, 20 up-to-date
